<testsuite skipped="0" tests="11" failures="1" errors="0" name="test.commons.xml.XMLToolsTestCase" time="0.51">
<properties>
[...]
</properties>
<testcase classname="test.commons.xml.XMLToolsTestCase" name="testGetString" time="0.021"/>
<testcase classname="test.commons.xml.XMLToolsTestCase" name="testGetStringFromDocument" time="0.159"/>
<testcase classname="test.commons.xml.XMLToolsTestCase" name="testGetStringFromTXDocument" time="0.122"/>
<testcase classname="test.commons.xml.XMLToolsTestCase" name="testGetStringFromElement" time="0.033"/>
<testcase classname="test.commons.xml.XMLToolsTestCase" name="testGetStringFromTXElement" time="0.032"/>
<testcase classname="test.commons.xml.XMLToolsTestCase" name="testAddChildElement" time="0.008"/>
<testcase classname="test.commons.xml.XMLToolsTestCase" name="testGetFullElementPath" time="0.002"/>
<testcase classname="test.commons.xml.XMLToolsTestCase" name="testGetChildElementsCount" time="0.002"/>
<testcase classname="test.commons.xml.XMLToolsTestCase" name="testPrettyPrint" time="0.071">
<failure message="expected:<[]> but was:<[<?xml version="1.0" encoding="UTF-8"?> <Projects> <A>Done</A> <B>Test</B> <C>Failed</C> </Projects>]>" type="junit.framework.ComparisonFailure">
junit.framework.ComparisonFailure: expected:<[]> but was:<[<?xml version="1.0" encoding="UTF-8"?> <Projects> <A>Done</A> <B>Test</B> <C>Failed</C> </Projects>]> at junit.framework.Assert.assertEquals(Assert.java:81) at junit.framework.Assert.assertEquals(Assert.java:87) at test.commons.xml.XMLToolsTestCase.testPrettyPrint(XMLToolsTestCase.java:308)
</failure>
<system-err>
(Location of error unknown)java.io.IOException: Stream closed (Location of error unknown)java.io.IOException: Stream closed
</system-err>
</testcase>
<testcase classname="test.commons.xml.XMLToolsTestCase" name="testBackAndForwardStringConversion" time="0.055"/>
<testcase classname="test.commons.xml.XMLToolsTestCase" name="testGetChildElementByTagName" time="0.003"/>
</testsuite>